# JRE version: OpenJDK Runtime Environment (21.0.6+7) (build 21.0.6+7-Ubuntu-122.04.1)
# Java VM: OpenJDK 64-Bit Server VM (21.0.6+7-Ubuntu-122.04.1, mixed mode, sharing, tiered, compressed oops, compressed class ptrs, g1 gc, linux-amd64)
GC Precious Log:
 CardTable entry size: 512
 Card Set container configuration: InlinePtr #cards 4 size 8 Array Of Cards #cards 32 size 80 Howl #buckets 8 coarsen threshold 7372 Howl Bitmap #cards 1024 size 144 coarsen threshold 921 Card regions per heap region 1 cards per card region 8192
 CPUs: 8 total, 8 available
 Memory: 23796M
 Large Page Support: Disabled
 NUMA Support: Disabled
 Compressed Oops: Enabled (Zero based)
 Heap Region Size: 4M
 Heap Min Capacity: 8M
 Heap Initial Capacity: 372M
 Heap Max Capacity: 5952M
 Pre-touch: Disabled
 Parallel Workers: 8
 Concurrent Workers: 2
 Concurrent Refinement Workers: 8
 Periodic GC: Disabled
Heap:
 garbage-first heap   total 110592K, used 64202K [0x000000068c000000, 0x0000000800000000)
  region size 4096K, 10 young (40960K), 2 survivors (8192K)
 Metaspace       used 76367K, committed 77120K, reserved 1179648K
  class space    used 9937K, committed 10304K, reserved 1048576K
GC Heap History (20 events):
Event: 3.530 GC heap before
{Heap before GC invocations=6 (full 0):
 garbage-first heap   total 81920K, used 55789K [0x000000068c000000, 0x0000000800000000)
  region size 4096K, 12 young (49152K), 3 survivors (12288K)
 Metaspace       used 26549K, committed 26944K, reserved 1114112K
  class space    used 3203K, committed 3392K, reserved 1048576K
}
Event: 3.544 GC heap after
{Heap after GC invocations=7 (full 0):
 garbage-first heap   total 81920K, used 19434K [0x000000068c000000, 0x0000000800000000)
  region size 4096K, 2 young (8192K), 2 survivors (8192K)
 Metaspace       used 26549K, committed 26944K, reserved 1114112K
  class space    used 3203K, committed 3392K, reserved 1048576K
}
Event: 4.102 GC heap before
{Heap before GC invocations=7 (full 0):
 garbage-first heap   total 81920K, used 60394K [0x000000068c000000, 0x0000000800000000)
  region size 4096K, 12 young (49152K), 2 survivors (8192K)
 Metaspace       used 29016K, committed 29312K, reserved 1114112K
  class space    used 3559K, committed 3712K, reserved 1048576K
}
Event: 4.114 GC heap after
{Heap after GC invocations=8 (full 0):
 garbage-first heap   total 233472K, used 20843K [0x000000068c000000, 0x0000000800000000)
  region size 4096K, 2 young (8192K), 2 survivors (8192K)
 Metaspace       used 29016K, committed 29312K, reserved 1114112K
  class space    used 3559K, committed 3712K, reserved 1048576K
}
Event: 5.143 GC heap before
{Heap before GC invocations=8 (full 0):
 garbage-first heap   total 233472K, used 90475K [0x000000068c000000, 0x0000000800000000)
  region size 4096K, 20 young (81920K), 2 survivors (8192K)
 Metaspace       used 35737K, committed 36160K, reserved 1114112K
  class space    used 4402K, committed 4608K, reserved 1048576K
}
Event: 5.151 GC heap after
{Heap after GC invocations=9 (full 0):
 garbage-first heap   total 233472K, used 23871K [0x000000068c000000, 0x0000000800000000)
  region size 4096K, 3 young (12288K), 3 survivors (12288K)
 Metaspace       used 35737K, committed 36160K, reserved 1114112K
  class space    used 4402K, committed 4608K, reserved 1048576K
}
Event: 6.234 GC heap before
{Heap before GC invocations=10 (full 0):
 garbage-first heap   total 98304K, used 93503K [0x000000068c000000, 0x0000000800000000)
  region size 4096K, 20 young (81920K), 3 survivors (12288K)
 Metaspace       used 40379K, committed 40960K, reserved 1114112K
  class space    used 5033K, committed 5312K, reserved 1048576K
}
Event: 6.251 GC heap after
{Heap after GC invocations=11 (full 0):
 garbage-first heap   total 110592K, used 27118K [0x000000068c000000, 0x0000000800000000)
  region size 4096K, 3 young (12288K), 3 survivors (12288K)
 Metaspace       used 40379K, committed 40960K, reserved 1114112K
  class space    used 5033K, committed 5312K, reserved 1048576K
}
Event: 6.801 GC heap before
{Heap before GC invocations=11 (full 0):
 garbage-first heap   total 110592K, used 80366K [0x000000068c000000, 0x0000000800000000)
  region size 4096K, 16 young (65536K), 3 survivors (12288K)
 Metaspace       used 45491K, committed 46080K, reserved 1114112K
  class space    used 5789K, committed 6080K, reserved 1048576K
}
Event: 6.822 GC heap after
{Heap after GC invocations=12 (full 0):
 garbage-first heap   total 110592K, used 27906K [0x000000068c000000, 0x0000000800000000)
  region size 4096K, 2 young (8192K), 2 survivors (8192K)
 Metaspace       used 45491K, committed 46080K, reserved 1114112K
  class space    used 5789K, committed 6080K, reserved 1048576K
}
Event: 7.909 GC heap before
{Heap before GC invocations=12 (full 0):
 garbage-first heap   total 110592K, used 85250K [0x000000068c000000, 0x0000000800000000)
  region size 4096K, 16 young (65536K), 2 survivors (8192K)
 Metaspace       used 54344K, committed 54912K, reserved 1114112K
  class space    used 6911K, committed 7168K, reserved 1048576K
}
Event: 7.922 GC heap after
{Heap after GC invocations=13 (full 0):
 garbage-first heap   total 135168K, used 29095K [0x000000068c000000, 0x0000000800000000)
  region size 4096K, 2 young (8192K), 2 survivors (8192K)
 Metaspace       used 54344K, committed 54912K, reserved 1114112K
  class space    used 6911K, committed 7168K, reserved 1048576K
}
Event: 8.752 GC heap before
{Heap before GC invocations=13 (full 0):
 garbage-first heap   total 135168K, used 90535K [0x000000068c000000, 0x0000000800000000)
  region size 4096K, 18 young (73728K), 2 survivors (8192K)
 Metaspace       used 59933K, committed 60480K, reserved 1114112K
  class space    used 7563K, committed 7808K, reserved 1048576K
}
Event: 8.764 GC heap after
{Heap after GC invocations=14 (full 0):
 garbage-first heap   total 135168K, used 30945K [0x000000068c000000, 0x0000000800000000)
  region size 4096K, 2 young (8192K), 2 survivors (8192K)
 Metaspace       used 59933K, committed 60480K, reserved 1114112K
  class space    used 7563K, committed 7808K, reserved 1048576K
}
Event: 9.554 GC heap before
{Heap before GC invocations=15 (full 0):
 garbage-first heap   total 110592K, used 84193K [0x000000068c000000, 0x0000000800000000)
  region size 4096K, 16 young (65536K), 2 survivors (8192K)
 Metaspace       used 65907K, committed 66496K, reserved 1114112K
  class space    used 8590K, committed 8896K, reserved 1048576K
}
Event: 9.568 GC heap after
{Heap after GC invocations=16 (full 0):
 garbage-first heap   total 110592K, used 31563K [0x000000068c000000, 0x0000000800000000)
  region size 4096K, 2 young (8192K), 2 survivors (8192K)
 Metaspace       used 65907K, committed 66496K, reserved 1114112K
  class space    used 8590K, committed 8896K, reserved 1048576K
}
Event: 11.143 GC heap before
{Heap before GC invocations=16 (full 0):
 garbage-first heap   total 110592K, used 88907K [0x000000068c000000, 0x0000000800000000)
  region size 4096K, 16 young (65536K), 2 survivors (8192K)
 Metaspace       used 70843K, committed 71488K, reserved 1114112K
  class space    used 9247K, committed 9536K, reserved 1048576K
}
Event: 11.160 GC heap after
{Heap after GC invocations=17 (full 0):
 garbage-first heap   total 110592K, used 33240K [0x000000068c000000, 0x0000000800000000)
  region size 4096K, 2 young (8192K), 2 survivors (8192K)
 Metaspace       used 70843K, committed 71488K, reserved 1114112K
  class space    used 9247K, committed 9536K, reserved 1048576K
}
Event: 11.791 GC heap before
{Heap before GC invocations=17 (full 0):
 garbage-first heap   total 110592K, used 90584K [0x000000068c000000, 0x0000000800000000)
  region size 4096K, 16 young (65536K), 2 survivors (8192K)
 Metaspace       used 75011K, committed 75712K, reserved 1179648K
  class space    used 9788K, committed 10112K, reserved 1048576K
}
Event: 11.799 GC heap after
{Heap after GC invocations=18 (full 0):
 garbage-first heap   total 110592K, used 35530K [0x000000068c000000, 0x0000000800000000)
  region size 4096K, 2 young (8192K), 2 survivors (8192K)
 Metaspace       used 75011K, committed 75712K, reserved 1179648K
  class space    used 9788K, committed 10112K, reserved 1048576K
}

