# JRE version: OpenJDK Runtime Environment (21.0.6+7) (build 21.0.6+7-Ubuntu-122.04.1)
# Java VM: OpenJDK 64-Bit Server VM (21.0.6+7-Ubuntu-122.04.1, mixed mode, sharing, tiered, compressed oops, compressed class ptrs, g1 gc, linux-amd64)
GC Precious Log:
 CardTable entry size: 512
 Card Set container configuration: InlinePtr #cards 4 size 8 Array Of Cards #cards 32 size 80 Howl #buckets 8 coarsen threshold 7372 Howl Bitmap #cards 1024 size 144 coarsen threshold 921 Card regions per heap region 1 cards per card region 8192
 CPUs: 8 total, 8 available
 Memory: 23796M
 Large Page Support: Disabled
 NUMA Support: Disabled
 Compressed Oops: Enabled (Zero based)
 Heap Region Size: 4M
 Heap Min Capacity: 8M
 Heap Initial Capacity: 372M
 Heap Max Capacity: 5952M
 Pre-touch: Disabled
 Parallel Workers: 8
 Concurrent Workers: 2
 Concurrent Refinement Workers: 8
 Periodic GC: Disabled
Heap:
 garbage-first heap   total 110592K, used 60146K [0x000000068c000000, 0x0000000800000000)
  region size 4096K, 9 young (36864K), 2 survivors (8192K)
 Metaspace       used 76327K, committed 77120K, reserved 1179648K
  class space    used 9936K, committed 10304K, reserved 1048576K
GC Heap History (20 events):
Event: 3.410 GC heap before
{Heap before GC invocations=6 (full 0):
 garbage-first heap   total 81920K, used 56413K [0x000000068c000000, 0x0000000800000000)
  region size 4096K, 12 young (49152K), 3 survivors (12288K)
 Metaspace       used 26722K, committed 27072K, reserved 1114112K
  class space    used 3233K, committed 3392K, reserved 1048576K
}
Event: 3.426 GC heap after
{Heap after GC invocations=7 (full 0):
 garbage-first heap   total 81920K, used 19426K [0x000000068c000000, 0x0000000800000000)
  region size 4096K, 2 young (8192K), 2 survivors (8192K)
 Metaspace       used 26722K, committed 27072K, reserved 1114112K
  class space    used 3233K, committed 3392K, reserved 1048576K
}
Event: 3.996 GC heap before
{Heap before GC invocations=7 (full 0):
 garbage-first heap   total 81920K, used 60386K [0x000000068c000000, 0x0000000800000000)
  region size 4096K, 12 young (49152K), 2 survivors (8192K)
 Metaspace       used 29318K, committed 29696K, reserved 1114112K
  class space    used 3601K, committed 3776K, reserved 1048576K
}
Event: 4.003 GC heap after
{Heap after GC invocations=8 (full 0):
 garbage-first heap   total 233472K, used 20898K [0x000000068c000000, 0x0000000800000000)
  region size 4096K, 2 young (8192K), 2 survivors (8192K)
 Metaspace       used 29318K, committed 29696K, reserved 1114112K
  class space    used 3601K, committed 3776K, reserved 1048576K
}
Event: 5.004 GC heap before
{Heap before GC invocations=8 (full 0):
 garbage-first heap   total 233472K, used 86434K [0x000000068c000000, 0x0000000800000000)
  region size 4096K, 19 young (77824K), 2 survivors (8192K)
 Metaspace       used 35646K, committed 36096K, reserved 1114112K
  class space    used 4385K, committed 4608K, reserved 1048576K
}
Event: 5.016 GC heap after
{Heap after GC invocations=9 (full 0):
 garbage-first heap   total 233472K, used 23863K [0x000000068c000000, 0x0000000800000000)
  region size 4096K, 3 young (12288K), 3 survivors (12288K)
 Metaspace       used 35646K, committed 36096K, reserved 1114112K
  class space    used 4385K, committed 4608K, reserved 1048576K
}
Event: 6.189 GC heap before
{Heap before GC invocations=10 (full 0):
 garbage-first heap   total 98304K, used 93495K [0x000000068c000000, 0x0000000800000000)
  region size 4096K, 20 young (81920K), 3 survivors (12288K)
 Metaspace       used 40342K, committed 40832K, reserved 1114112K
  class space    used 5024K, committed 5248K, reserved 1048576K
}
Event: 6.206 GC heap after
{Heap after GC invocations=11 (full 0):
 garbage-first heap   total 110592K, used 26930K [0x000000068c000000, 0x0000000800000000)
  region size 4096K, 3 young (12288K), 3 survivors (12288K)
 Metaspace       used 40342K, committed 40832K, reserved 1114112K
  class space    used 5024K, committed 5248K, reserved 1048576K
}
Event: 6.657 GC heap before
{Heap before GC invocations=11 (full 0):
 garbage-first heap   total 110592K, used 80178K [0x000000068c000000, 0x0000000800000000)
  region size 4096K, 16 young (65536K), 3 survivors (12288K)
 Metaspace       used 45338K, committed 45888K, reserved 1114112K
  class space    used 5754K, committed 6016K, reserved 1048576K
}
Event: 6.677 GC heap after
{Heap after GC invocations=12 (full 0):
 garbage-first heap   total 110592K, used 27852K [0x000000068c000000, 0x0000000800000000)
  region size 4096K, 2 young (8192K), 2 survivors (8192K)
 Metaspace       used 45338K, committed 45888K, reserved 1114112K
  class space    used 5754K, committed 6016K, reserved 1048576K
}
Event: 7.551 GC heap before
{Heap before GC invocations=12 (full 0):
 garbage-first heap   total 110592K, used 85196K [0x000000068c000000, 0x0000000800000000)
  region size 4096K, 16 young (65536K), 2 survivors (8192K)
 Metaspace       used 54162K, committed 54784K, reserved 1114112K
  class space    used 6874K, committed 7168K, reserved 1048576K
}
Event: 7.562 GC heap after
{Heap after GC invocations=13 (full 0):
 garbage-first heap   total 135168K, used 29051K [0x000000068c000000, 0x0000000800000000)
  region size 4096K, 2 young (8192K), 2 survivors (8192K)
 Metaspace       used 54162K, committed 54784K, reserved 1114112K
  class space    used 6874K, committed 7168K, reserved 1048576K
}
Event: 8.388 GC heap before
{Heap before GC invocations=13 (full 0):
 garbage-first heap   total 135168K, used 90491K [0x000000068c000000, 0x0000000800000000)
  region size 4096K, 18 young (73728K), 2 survivors (8192K)
 Metaspace       used 59920K, committed 60480K, reserved 1114112K
  class space    used 7564K, committed 7872K, reserved 1048576K
}
Event: 8.395 GC heap after
{Heap after GC invocations=14 (full 0):
 garbage-first heap   total 135168K, used 30951K [0x000000068c000000, 0x0000000800000000)
  region size 4096K, 2 young (8192K), 2 survivors (8192K)
 Metaspace       used 59920K, committed 60480K, reserved 1114112K
  class space    used 7564K, committed 7872K, reserved 1048576K
}
Event: 8.997 GC heap before
{Heap before GC invocations=15 (full 0):
 garbage-first heap   total 110592K, used 84199K [0x000000068c000000, 0x0000000800000000)
  region size 4096K, 16 young (65536K), 2 survivors (8192K)
 Metaspace       used 65869K, committed 66496K, reserved 1114112K
  class space    used 8584K, committed 8896K, reserved 1048576K
}
Event: 9.010 GC heap after
{Heap after GC invocations=16 (full 0):
 garbage-first heap   total 110592K, used 31589K [0x000000068c000000, 0x0000000800000000)
  region size 4096K, 2 young (8192K), 2 survivors (8192K)
 Metaspace       used 65869K, committed 66496K, reserved 1114112K
  class space    used 8584K, committed 8896K, reserved 1048576K
}
Event: 10.300 GC heap before
{Heap before GC invocations=16 (full 0):
 garbage-first heap   total 110592K, used 88933K [0x000000068c000000, 0x0000000800000000)
  region size 4096K, 16 young (65536K), 2 survivors (8192K)
 Metaspace       used 70818K, committed 71488K, reserved 1114112K
  class space    used 9244K, committed 9536K, reserved 1048576K
}
Event: 10.314 GC heap after
{Heap after GC invocations=17 (full 0):
 garbage-first heap   total 110592K, used 33447K [0x000000068c000000, 0x0000000800000000)
  region size 4096K, 2 young (8192K), 2 survivors (8192K)
 Metaspace       used 70818K, committed 71488K, reserved 1114112K
  class space    used 9244K, committed 9536K, reserved 1048576K
}
Event: 11.044 GC heap before
{Heap before GC invocations=17 (full 0):
 garbage-first heap   total 110592K, used 90791K [0x000000068c000000, 0x0000000800000000)
  region size 4096K, 16 young (65536K), 2 survivors (8192K)
 Metaspace       used 75024K, committed 75712K, reserved 1179648K
  class space    used 9790K, committed 10112K, reserved 1048576K
}
Event: 11.051 GC heap after
{Heap after GC invocations=18 (full 0):
 garbage-first heap   total 110592K, used 35570K [0x000000068c000000, 0x0000000800000000)
  region size 4096K, 2 young (8192K), 2 survivors (8192K)
 Metaspace       used 75024K, committed 75712K, reserved 1179648K
  class space    used 9790K, committed 10112K, reserved 1048576K
}

